<?xml version="1.0" encoding="UTF-8"?>
<!-- Generated by org.testng.reporters.JUnitReportReporter -->
<testsuite hostname="LAPTOP-J7JGB4PG" failures="0" tests="2" name="practice.TestNGPractice" time="0.007" errors="0" timestamp="2023-03-12T19:45:50 IST" skipped="0">
  <testcase classname="practice.TestNGPractice" name="sample" time="0.007"/>
  <system-out/>
  <testcase classname="practice.TestNGPractice" name="sampleTestpracticeTest" time="0.000"/>
  <system-out/>
</testsuite> <!-- practice.TestNGPractice -->
