<?xml version="1.0" encoding="UTF-8"?>
<!-- Generated by org.testng.reporters.JUnitReportReporter -->
<testsuite hostname="LAPTOP-J7JGB4PG" failures="0" tests="1" name="vtiger.OrganisationTests.createOrganisationTest" time="5.308" errors="0" timestamp="2023-03-23T14:18:56 IST" skipped="0">
  <testcase classname="vtiger.OrganisationTests.createOrganisationTest" name="demoscript" time="5.308"/>
  <system-out/>
</testsuite> <!-- vtiger.OrganisationTests.createOrganisationTest -->
