<?xml version="1.0" encoding="UTF-8"?>
<!-- Generated by org.testng.reporters.JUnitReportReporter -->
<testsuite hostname="LAPTOP-J7JGB4PG" failures="0" tests="8" name="practice.TestNGPractice22" time="0.013" errors="0" timestamp="2023-03-12T20:09:19 IST" skipped="0">
  <testcase classname="practice.TestNGPractice22" name="deleteuser" time="0.000"/>
  <system-out/>
  <testcase classname="practice.TestNGPractice22" name="updateuser" time="0.001"/>
  <system-out/>
  <testcase classname="practice.TestNGPractice22" name="deleteuser" time="0.000"/>
  <system-out/>
  <testcase classname="practice.TestNGPractice22" name="deleteuser" time="0.000"/>
  <system-out/>
  <testcase classname="practice.TestNGPractice22" name="createuser" time="0.001"/>
  <system-out/>
  <testcase classname="practice.TestNGPractice22" name="deleteuser" time="0.001"/>
  <system-out/>
  <testcase classname="practice.TestNGPractice22" name="createuser" time="0.009"/>
  <system-out/>
  <testcase classname="practice.TestNGPractice22" name="deleteuser" time="0.001"/>
  <system-out/>
</testsuite> <!-- practice.TestNGPractice22 -->
