<?xml version="1.0" encoding="UTF-8"?>
<!-- Generated by org.testng.reporters.JUnitReportReporter -->
<testsuite hostname="LAPTOP-J7JGB4PG" failures="0" tests="1" name="vtiger.OrganisationTests.createMultilpeOrg" time="0.000" errors="0" timestamp="2023-03-22T16:54:46 IST" skipped="1">
  <testcase classname="vtiger.OrganisationTests.createMultilpeOrg" name="MultipleOrg" time="0.000">
    <skipped/>
  </testcase> <!-- MultipleOrg -->
  <system-out/>
</testsuite> <!-- vtiger.OrganisationTests.createMultilpeOrg -->
