<?xml version="1.0" encoding="UTF-8"?>
<!-- Generated by org.testng.reporters.JUnitReportReporter -->
<testsuite hostname="LAPTOP-J7JGB4PG" failures="0" tests="3" name="practice.DataProviderPractice" time="0.008" errors="0" timestamp="2023-03-22T15:52:19 IST" skipped="0">
  <testcase classname="practice.DataProviderPractice" name="dataprovider" time="0.001"/>
  <system-out/>
  <testcase classname="practice.DataProviderPractice" name="dataprovider" time="0.001"/>
  <system-out/>
  <testcase classname="practice.DataProviderPractice" name="dataprovider" time="0.006"/>
  <system-out/>
</testsuite> <!-- practice.DataProviderPractice -->
